<?xml version="1.0" encoding="UTF-8"?>
<!-- Generated by org.testng.reporters.JUnitXMLReporter -->
<testsuite ignored="0" hostname="DESKTOP-M101FJ5" failures="0" tests="3" name="Surefire test" time="0.065" errors="0" timestamp="2023-11-04T09:58:02 IST">
  <testcase classname="com.lbrce.finalmodule.UserVerificationTest" name="testcase1" time="0.015"/>
  <testcase classname="com.lbrce.finalmodule.UserVerificationTest" name="testcase2" time="0.001"/>
  <testcase classname="com.lbrce.finalmodule.UserVerificationTest" name="testcase3" time="0.001"/>
</testsuite> <!-- Surefire test -->
