<?xml version="1.0" encoding="UTF-8"?>
<testng-results ignored="0" total="3" passed="3" failed="0" skipped="0">
  <reporter-output>
  </reporter-output>
  <suite started-at="2023-11-04T09:58:02 IST" name="Surefire suite" finished-at="2023-11-04T09:58:02 IST" duration-ms="65">
    <groups>
    </groups>
    <test started-at="2023-11-04T09:58:02 IST" name="Surefire test" finished-at="2023-11-04T09:58:02 IST" duration-ms="65">
      <class name="com.lbrce.finalmodule.UserVerificationTest">
        <test-method signature="testcase1()[pri:0, instance:com.lbrce.finalmodule.UserVerificationTest@7a675056]" started-at="2023-11-04T09:58:02 IST" name="testcase1" finished-at="2023-11-04T09:58:02 IST" duration-ms="15" status="PASS">
          <reporter-output>
          </reporter-output>
        </test-method> <!-- testcase1 -->
        <test-method signature="testcase2()[pri:0, instance:com.lbrce.finalmodule.UserVerificationTest@7a675056]" started-at="2023-11-04T09:58:02 IST" name="testcase2" finished-at="2023-11-04T09:58:02 IST" duration-ms="1" status="PASS">
          <reporter-output>
          </reporter-output>
        </test-method> <!-- testcase2 -->
        <test-method signature="testcase3()[pri:0, instance:com.lbrce.finalmodule.UserVerificationTest@7a675056]" started-at="2023-11-04T09:58:02 IST" name="testcase3" finished-at="2023-11-04T09:58:02 IST" duration-ms="1" status="PASS">
          <reporter-output>
          </reporter-output>
        </test-method> <!-- testcase3 -->
      </class> <!-- com.lbrce.finalmodule.UserVerificationTest -->
    </test> <!-- Surefire test -->
  </suite> <!-- Surefire suite -->
</testng-results>
